<?xml version="1.0" encoding="UTF-8"?>
<!-- Generated by org.testng.reporters.JUnitXMLReporter -->
<testsuite ignored="0" hostname="LAPTOP-N6PADTDN" failures="1" tests="1" name="Test" time="13.3" errors="0" timestamp="2022-01-12T20:47:06 IST">
  <testcase classname="testsuite.ExecutionSuite_GetWeather" name="getTempFrUI" time="11.859">
    <failure type="java.lang.AssertionError" message="expected [12] but found [287.13]">
      <![CDATA[java.lang.AssertionError: expected [12] but found [287.13]
at testsuite.ExecutionSuite_GetWeather.getTempFrUI(ExecutionSuite_GetWeather.java:54)
at java.base/java.util.ArrayList.forEach(ArrayList.java:1511)
... Removed 33 stack frames]]>
    </failure>
  </testcase> <!-- getTempFrUI -->
</testsuite> <!-- Test -->
